c:\howest\2024-2025\sem2\prog4\prog4gameengine\x64\debug\minigin.pdb
c:\howest\2024-2025\sem2\prog4\prog4gameengine\x64\debug\minigin.idb
c:\howest\2024-2025\sem2\prog4\prog4gameengine\minigin\x64\debug\textcomponent.obj
c:\howest\2024-2025\sem2\prog4\prog4gameengine\minigin\x64\debug\subject.obj
c:\howest\2024-2025\sem2\prog4\prog4gameengine\minigin\x64\debug\scenemanager.obj
c:\howest\2024-2025\sem2\prog4\prog4gameengine\minigin\x64\debug\scene.obj
c:\howest\2024-2025\sem2\prog4\prog4gameengine\minigin\x64\debug\resourcemanager.obj
c:\howest\2024-2025\sem2\prog4\prog4gameengine\minigin\x64\debug\renderer.obj
c:\howest\2024-2025\sem2\prog4\prog4gameengine\minigin\x64\debug\minigin.obj
c:\howest\2024-2025\sem2\prog4\prog4gameengine\minigin\x64\debug\keyboardinputmanager.obj
c:\howest\2024-2025\sem2\prog4\prog4gameengine\minigin\x64\debug\inputmanager.obj
c:\howest\2024-2025\sem2\prog4\prog4gameengine\minigin\x64\debug\gameobject.obj
c:\howest\2024-2025\sem2\prog4\prog4gameengine\minigin\x64\debug\font.obj
c:\howest\2024-2025\sem2\prog4\prog4gameengine\minigin\x64\debug\controllerinputmanager.obj
c:\howest\2024-2025\sem2\prog4\prog4gameengine\minigin\x64\debug\sdl_soundsystem.obj
c:\howest\2024-2025\sem2\prog4\prog4gameengine\minigin\x64\debug\imgui_widgets.obj
c:\howest\2024-2025\sem2\prog4\prog4gameengine\minigin\x64\debug\imgui_tables.obj
c:\howest\2024-2025\sem2\prog4\prog4gameengine\minigin\x64\debug\imgui_draw.obj
c:\howest\2024-2025\sem2\prog4\prog4gameengine\minigin\x64\debug\imgui_demo.obj
c:\howest\2024-2025\sem2\prog4\prog4gameengine\minigin\x64\debug\imgui.obj
c:\howest\2024-2025\sem2\prog4\prog4gameengine\minigin\x64\debug\imgui_impl_sdl2.obj
c:\howest\2024-2025\sem2\prog4\prog4gameengine\minigin\x64\debug\imgui_impl_opengl3.obj
c:\howest\2024-2025\sem2\prog4\prog4gameengine\minigin\x64\debug\transform.obj
c:\howest\2024-2025\sem2\prog4\prog4gameengine\minigin\x64\debug\time.obj
c:\howest\2024-2025\sem2\prog4\prog4gameengine\minigin\x64\debug\texture2drenderer.obj
c:\howest\2024-2025\sem2\prog4\prog4gameengine\minigin\x64\debug\texture2d.obj
c:\howest\2024-2025\sem2\prog4\prog4gameengine\x64\debug\minigin.lib
c:\howest\2024-2025\sem2\prog4\prog4gameengine\minigin\x64\debug\minigin.tlog\cl.command.1.tlog
c:\howest\2024-2025\sem2\prog4\prog4gameengine\minigin\x64\debug\minigin.tlog\cl.items.tlog
c:\howest\2024-2025\sem2\prog4\prog4gameengine\minigin\x64\debug\minigin.tlog\cl.read.1.tlog
c:\howest\2024-2025\sem2\prog4\prog4gameengine\minigin\x64\debug\minigin.tlog\cl.write.1.tlog
c:\howest\2024-2025\sem2\prog4\prog4gameengine\minigin\x64\debug\minigin.tlog\lib-link.read.1.tlog
c:\howest\2024-2025\sem2\prog4\prog4gameengine\minigin\x64\debug\minigin.tlog\lib-link.write.1.tlog
c:\howest\2024-2025\sem2\prog4\prog4gameengine\minigin\x64\debug\minigin.tlog\lib.command.1.tlog
