c:\howest\2024-2025\sem2\prog4\prog4gameengine\qbert\x64\debug\vc143.pdb
c:\howest\2024-2025\sem2\prog4\prog4gameengine\qbert\x64\debug\vc143.idb
c:\howest\2024-2025\sem2\prog4\prog4gameengine\qbert\x64\debug\scoredisplaycomponent.obj
c:\howest\2024-2025\sem2\prog4\prog4gameengine\qbert\x64\debug\scorecomponent.obj
c:\howest\2024-2025\sem2\prog4\prog4gameengine\qbert\x64\debug\playercommands.obj
c:\howest\2024-2025\sem2\prog4\prog4gameengine\qbert\x64\debug\piramid.obj
c:\howest\2024-2025\sem2\prog4\prog4gameengine\qbert\x64\debug\movementcomponent.obj
c:\howest\2024-2025\sem2\prog4\prog4gameengine\qbert\x64\debug\main.obj
c:\howest\2024-2025\sem2\prog4\prog4gameengine\qbert\x64\debug\healthdisplaycomponent.obj
c:\howest\2024-2025\sem2\prog4\prog4gameengine\qbert\x64\debug\healthcomponent.obj
c:\howest\2024-2025\sem2\prog4\prog4gameengine\qbert\x64\debug\hatchedstaticstate.obj
c:\howest\2024-2025\sem2\prog4\prog4gameengine\qbert\x64\debug\hatchedjumpingstate.obj
c:\howest\2024-2025\sem2\prog4\prog4gameengine\qbert\x64\debug\fpscomponent.obj
c:\howest\2024-2025\sem2\prog4\prog4gameengine\qbert\x64\debug\eggstaticstate.obj
c:\howest\2024-2025\sem2\prog4\prog4gameengine\qbert\x64\debug\eggjumpingstate.obj
c:\howest\2024-2025\sem2\prog4\prog4gameengine\qbert\x64\debug\coilystate.obj
c:\howest\2024-2025\sem2\prog4\prog4gameengine\qbert\x64\debug\coilybehaviourcomponent.obj
c:\howest\2024-2025\sem2\prog4\prog4gameengine\x64\debug\qbert.exe
c:\howest\2024-2025\sem2\prog4\prog4gameengine\x64\debug\qbert.pdb
c:\howest\2024-2025\sem2\prog4\prog4gameengine\qbert\x64\debug\qbert.ilk
c:\howest\2024-2025\sem2\prog4\prog4gameengine\qbert\x64\debug\qbert.tlog\cl.command.1.tlog
c:\howest\2024-2025\sem2\prog4\prog4gameengine\qbert\x64\debug\qbert.tlog\cl.items.tlog
c:\howest\2024-2025\sem2\prog4\prog4gameengine\qbert\x64\debug\qbert.tlog\cl.read.1.tlog
c:\howest\2024-2025\sem2\prog4\prog4gameengine\qbert\x64\debug\qbert.tlog\cl.write.1.tlog
c:\howest\2024-2025\sem2\prog4\prog4gameengine\qbert\x64\debug\qbert.tlog\link.command.1.tlog
c:\howest\2024-2025\sem2\prog4\prog4gameengine\qbert\x64\debug\qbert.tlog\link.read.1.tlog
c:\howest\2024-2025\sem2\prog4\prog4gameengine\qbert\x64\debug\qbert.tlog\link.secondary.1.tlog
c:\howest\2024-2025\sem2\prog4\prog4gameengine\qbert\x64\debug\qbert.tlog\link.write.1.tlog
